<?xml version="1.0" encoding="UTF-8"?>
<testsuite xmlns:xsi="http://www.w3.org/2001/XMLSchema-instance" xsi:noNamespaceSchemaLocation="https://maven.apache.org/surefire/maven-surefire-plugin/xsd/surefire-test-report.xsd" name="EncapsulationTest" time="0.238" tests="39" errors="0" skipped="0" failures="0">
  <properties>
[...]
</properties>
  <testcase name="testEmployeeIDGetterAndSetter" classname="EncapsulationTest" time="0.044"/>
  <testcase name="testEmployeeSalaryImproperlyFormattedThrows" classname="EncapsulationTest" time="0.002"/>
  <testcase name="testAllEmployeeFieldsArePrivate" classname="EncapsulationTest" time="0.015"/>
  <testcase name="testSetAccountNumberWithZero" classname="EncapsulationTest" time="0.004"/>
  <testcase name="testEmployeeNameWithSpecialCharacters" classname="EncapsulationTest" time="0.004"/>
  <testcase name="testSetAccountNumberWithInvalidValue" classname="EncapsulationTest" time="0.006"/>
  <testcase name="testEmployeeIDWithLargeValue" classname="EncapsulationTest" time="0.001"/>
  <testcase name="testSetAccountNumberWithMinimumBoundaryValue" classname="EncapsulationTest" time="0.005"/>
  <testcase name="testRectangleNegativeWidthThrows" classname="EncapsulationTest" time="0.002"/>
  <testcase name="testSetAccountNumberWithValidValue" classname="EncapsulationTest" time="0.001"/>
  <testcase name="testSetAccountNumberWithNegativeValue" classname="EncapsulationTest" time="0.001"/>
  <testcase name="testSetBalanceWithCents" classname="EncapsulationTest" time="0.005"/>
  <testcase name="testSetAccountNumberWithLargeValidValue" classname="EncapsulationTest" time="0.001"/>
  <testcase name="testSetBalanceWithZero" classname="EncapsulationTest" time="0.004"/>
  <testcase name="testCountryGetterAndSetter" classname="EncapsulationTest" time="0"/>
  <testcase name="testGetBalance" classname="EncapsulationTest" time="0.004"/>
  <testcase name="testSetBalanceWithValidValue" classname="EncapsulationTest" time="0.001"/>
  <testcase name="testRectangleAreaCalculation" classname="EncapsulationTest" time="0.005"/>
  <testcase name="testEmployeeNameGetterAndSetter" classname="EncapsulationTest" time="0"/>
  <testcase name="testRectangleNegativeLengthThrows" classname="EncapsulationTest" time="0.004"/>
  <testcase name="testEmployeeSalaryThousandSeparator" classname="EncapsulationTest" time="0.012"/>
  <testcase name="testEmployeeSalarySmallAmount" classname="EncapsulationTest" time="0.004"/>
  <testcase name="testAgeGetterAndSetter" classname="EncapsulationTest" time="0.001"/>
  <testcase name="testEmployeeSalaryWithLargeValue" classname="EncapsulationTest" time="0.003"/>
  <testcase name="testSetBalanceWithSingleCent" classname="EncapsulationTest" time="0"/>
  <testcase name="testGetAccountNumber" classname="EncapsulationTest" time="0"/>
  <testcase name="testEmployeeSalaryWithZero" classname="EncapsulationTest" time="0.005"/>
  <testcase name="testSetBalanceWithNegativeValue" classname="EncapsulationTest" time="0.003"/>
  <testcase name="testBalanceFieldIsPrivate" classname="EncapsulationTest" time="0.002"/>
  <testcase name="testEmployeeIDNegativeValue" classname="EncapsulationTest" time="0"/>
  <testcase name="testEmployeeIDWithZero" classname="EncapsulationTest" time="0"/>
  <testcase name="testNameGetterAndSetter" classname="EncapsulationTest" time="0"/>
  <testcase name="testEmployeeNameWithEmptyString" classname="EncapsulationTest" time="0"/>
  <testcase name="testAllPersonFieldsArePrivate" classname="EncapsulationTest" time="0.003"/>
  <testcase name="testEmployeeSalaryOnInitialization" classname="EncapsulationTest" time="0.002"/>
  <testcase name="testRectangleZeroDimensions" classname="EncapsulationTest" time="0"/>
  <testcase name="testRectangleGettersAndSetters" classname="EncapsulationTest" time="0.001"/>
  <testcase name="testAllBankAccountFieldsArePrivate" classname="EncapsulationTest" time="0.001"/>
  <testcase name="testSetBalanceWithLargeValue" classname="EncapsulationTest" time="0"/>
</testsuite>