<?xml version="1.0" encoding="UTF-8"?>
<testsuite xmlns:xsi="http://www.w3.org/2001/XMLSchema-instance" xsi:noNamespaceSchemaLocation="https://maven.apache.org/surefire/maven-surefire-plugin/xsd/surefire-test-report.xsd" name="EncapsulationTest" time="0.152" tests="20" errors="0" skipped="0" failures="0">
  <properties>
[...]
</properties>
  <testcase name="testSetAccountNumberWithZero" classname="EncapsulationTest" time="0.049"/>
  <testcase name="testSetAccountNumberWithInvalidValue" classname="EncapsulationTest" time="0.015"/>
  <testcase name="testSetAccountNumberWithMinimumBoundaryValue" classname="EncapsulationTest" time="0"/>
  <testcase name="testSetAccountNumberWithValidValue" classname="EncapsulationTest" time="0"/>
  <testcase name="testSetAccountNumberWithNegativeValue" classname="EncapsulationTest" time="0.002"/>
  <testcase name="testSetBalanceWithCents" classname="EncapsulationTest" time="0.005"/>
  <testcase name="testSetAccountNumberWithLargeValidValue" classname="EncapsulationTest" time="0.003"/>
  <testcase name="testSetBalanceWithZero" classname="EncapsulationTest" time="0.001"/>
  <testcase name="testCountryGetterAndSetter" classname="EncapsulationTest" time="0.003"/>
  <testcase name="testGetBalance" classname="EncapsulationTest" time="0"/>
  <testcase name="testSetBalanceWithValidValue" classname="EncapsulationTest" time="0"/>
  <testcase name="testAgeGetterAndSetter" classname="EncapsulationTest" time="0.004"/>
  <testcase name="testSetBalanceWithSingleCent" classname="EncapsulationTest" time="0.005"/>
  <testcase name="testGetAccountNumber" classname="EncapsulationTest" time="0.002"/>
  <testcase name="testSetBalanceWithNegativeValue" classname="EncapsulationTest" time="0.007"/>
  <testcase name="testBalanceFieldIsPrivate" classname="EncapsulationTest" time="0.003"/>
  <testcase name="testNameGetterAndSetter" classname="EncapsulationTest" time="0.005"/>
  <testcase name="testAllPersonFieldsArePrivate" classname="EncapsulationTest" time="0.013"/>
  <testcase name="testAllBankAccountFieldsArePrivate" classname="EncapsulationTest" time="0.008"/>
  <testcase name="testSetBalanceWithLargeValue" classname="EncapsulationTest" time="0"/>
</testsuite>